2025-12-11 11:25:14,999 - ERROR - ERROR - Failed to fetch Delhi | Attempt 1 | Error: 410 Client Error: Gone for url: https://api.openaq.org/v2/latest?city=Delhi
2025-12-11 11:25:17,030 - ERROR - ERROR - Failed to fetch Delhi | Attempt 2 | Error: 410 Client Error: Gone for url: https://api.openaq.org/v2/latest?city=Delhi
2025-12-11 11:25:19,062 - ERROR - ERROR - Failed to fetch Delhi | Attempt 3 | Error: 410 Client Error: Gone for url: https://api.openaq.org/v2/latest?city=Delhi
2025-12-11 11:25:21,062 - ERROR - FAILED - Delhi data not fetched after 3 attempts.
2025-12-11 11:25:21,098 - ERROR - ERROR - Failed to fetch Bengaluru | Attempt 1 | Error: 410 Client Error: Gone for url: https://api.openaq.org/v2/latest?city=Bengaluru
2025-12-11 11:25:23,126 - ERROR - ERROR - Failed to fetch Bengaluru | Attempt 2 | Error: 410 Client Error: Gone for url: https://api.openaq.org/v2/latest?city=Bengaluru
2025-12-11 11:25:25,163 - ERROR - ERROR - Failed to fetch Bengaluru | Attempt 3 | Error: 410 Client Error: Gone for url: https://api.openaq.org/v2/latest?city=Bengaluru
2025-12-11 11:25:27,165 - ERROR - FAILED - Bengaluru data not fetched after 3 attempts.
2025-12-11 11:25:27,200 - ERROR - ERROR - Failed to fetch Hyderabad | Attempt 1 | Error: 410 Client Error: Gone for url: https://api.openaq.org/v2/latest?city=Hyderabad
2025-12-11 11:25:29,241 - ERROR - ERROR - Failed to fetch Hyderabad | Attempt 2 | Error: 410 Client Error: Gone for url: https://api.openaq.org/v2/latest?city=Hyderabad
2025-12-11 11:25:31,268 - ERROR - ERROR - Failed to fetch Hyderabad | Attempt 3 | Error: 410 Client Error: Gone for url: https://api.openaq.org/v2/latest?city=Hyderabad
2025-12-11 11:25:33,269 - ERROR - FAILED - Hyderabad data not fetched after 3 attempts.
2025-12-11 11:25:33,301 - ERROR - ERROR - Failed to fetch Mumbai | Attempt 1 | Error: 410 Client Error: Gone for url: https://api.openaq.org/v2/latest?city=Mumbai
2025-12-11 11:25:35,340 - ERROR - ERROR - Failed to fetch Mumbai | Attempt 2 | Error: 410 Client Error: Gone for url: https://api.openaq.org/v2/latest?city=Mumbai
2025-12-11 11:25:37,413 - ERROR - ERROR - Failed to fetch Mumbai | Attempt 3 | Error: 410 Client Error: Gone for url: https://api.openaq.org/v2/latest?city=Mumbai
2025-12-11 11:25:39,414 - ERROR - FAILED - Mumbai data not fetched after 3 attempts.
2025-12-11 11:25:39,428 - ERROR - ERROR - Failed to fetch Kolkata | Attempt 1 | Error: 410 Client Error: Gone for url: https://api.openaq.org/v2/latest?city=Kolkata
2025-12-11 11:25:41,462 - ERROR - ERROR - Failed to fetch Kolkata | Attempt 2 | Error: 410 Client Error: Gone for url: https://api.openaq.org/v2/latest?city=Kolkata
2025-12-11 11:25:43,496 - ERROR - ERROR - Failed to fetch Kolkata | Attempt 3 | Error: 410 Client Error: Gone for url: https://api.openaq.org/v2/latest?city=Kolkata
2025-12-11 11:25:45,498 - ERROR - FAILED - Kolkata data not fetched after 3 attempts.
2025-12-11 11:26:52,723 - ERROR - ERROR - Failed to fetch Delhi | Attempt 1 | Error: 410 Client Error: Gone for url: https://api.openaq.org/v2/latest?city=Delhi&limit=100
2025-12-11 11:26:54,760 - ERROR - ERROR - Failed to fetch Delhi | Attempt 2 | Error: 410 Client Error: Gone for url: https://api.openaq.org/v2/latest?city=Delhi&limit=100
2025-12-11 11:26:56,795 - ERROR - ERROR - Failed to fetch Delhi | Attempt 3 | Error: 410 Client Error: Gone for url: https://api.openaq.org/v2/latest?city=Delhi&limit=100
2025-12-11 11:26:58,796 - ERROR - FAILED - Delhi data not fetched after 3 attempts.
2025-12-11 11:26:58,840 - ERROR - ERROR - Failed to fetch Bangalore | Attempt 1 | Error: 410 Client Error: Gone for url: https://api.openaq.org/v2/latest?city=Bangalore&limit=100
2025-12-11 11:27:00,873 - ERROR - ERROR - Failed to fetch Bangalore | Attempt 2 | Error: 410 Client Error: Gone for url: https://api.openaq.org/v2/latest?city=Bangalore&limit=100
2025-12-11 11:27:02,907 - ERROR - ERROR - Failed to fetch Bangalore | Attempt 3 | Error: 410 Client Error: Gone for url: https://api.openaq.org/v2/latest?city=Bangalore&limit=100
2025-12-11 11:27:04,908 - ERROR - FAILED - Bangalore data not fetched after 3 attempts.
2025-12-11 11:27:04,950 - ERROR - ERROR - Failed to fetch Hyderabad | Attempt 1 | Error: 410 Client Error: Gone for url: https://api.openaq.org/v2/latest?city=Hyderabad&limit=100
2025-12-11 11:27:06,986 - ERROR - ERROR - Failed to fetch Hyderabad | Attempt 2 | Error: 410 Client Error: Gone for url: https://api.openaq.org/v2/latest?city=Hyderabad&limit=100
2025-12-11 11:27:09,021 - ERROR - ERROR - Failed to fetch Hyderabad | Attempt 3 | Error: 410 Client Error: Gone for url: https://api.openaq.org/v2/latest?city=Hyderabad&limit=100
2025-12-11 11:27:11,022 - ERROR - FAILED - Hyderabad data not fetched after 3 attempts.
2025-12-11 11:27:11,041 - ERROR - ERROR - Failed to fetch Mumbai | Attempt 1 | Error: 410 Client Error: Gone for url: https://api.openaq.org/v2/latest?city=Mumbai&limit=100
2025-12-11 11:27:13,061 - ERROR - ERROR - Failed to fetch Mumbai | Attempt 2 | Error: 410 Client Error: Gone for url: https://api.openaq.org/v2/latest?city=Mumbai&limit=100
2025-12-11 11:27:15,092 - ERROR - ERROR - Failed to fetch Mumbai | Attempt 3 | Error: 410 Client Error: Gone for url: https://api.openaq.org/v2/latest?city=Mumbai&limit=100
2025-12-11 11:27:17,093 - ERROR - FAILED - Mumbai data not fetched after 3 attempts.
2025-12-11 11:27:17,106 - ERROR - ERROR - Failed to fetch Kolkata | Attempt 1 | Error: 410 Client Error: Gone for url: https://api.openaq.org/v2/latest?city=Kolkata&limit=100
2025-12-11 11:27:19,142 - ERROR - ERROR - Failed to fetch Kolkata | Attempt 2 | Error: 410 Client Error: Gone for url: https://api.openaq.org/v2/latest?city=Kolkata&limit=100
2025-12-11 11:27:21,173 - ERROR - ERROR - Failed to fetch Kolkata | Attempt 3 | Error: 410 Client Error: Gone for url: https://api.openaq.org/v2/latest?city=Kolkata&limit=100
2025-12-11 11:27:23,174 - ERROR - FAILED - Kolkata data not fetched after 3 attempts.
2025-12-11 11:28:33,806 - ERROR - ERROR - Failed to fetch Delhi | Attempt 1 | Error: 410 Client Error: Gone for url: https://api.openaq.org/v2/latest?city=Delhi&country=IN&limit=100
2025-12-11 11:28:35,840 - ERROR - ERROR - Failed to fetch Delhi | Attempt 2 | Error: 410 Client Error: Gone for url: https://api.openaq.org/v2/latest?city=Delhi&country=IN&limit=100
2025-12-11 11:28:37,884 - ERROR - ERROR - Failed to fetch Delhi | Attempt 3 | Error: 410 Client Error: Gone for url: https://api.openaq.org/v2/latest?city=Delhi&country=IN&limit=100
2025-12-11 11:28:39,885 - ERROR - FAILED - Delhi data not fetched after 3 attempts.
2025-12-11 11:28:39,918 - ERROR - ERROR - Failed to fetch Bangalore | Attempt 1 | Error: 410 Client Error: Gone for url: https://api.openaq.org/v2/latest?city=Bangalore&country=IN&limit=100
2025-12-11 11:28:41,935 - ERROR - ERROR - Failed to fetch Bangalore | Attempt 2 | Error: 410 Client Error: Gone for url: https://api.openaq.org/v2/latest?city=Bangalore&country=IN&limit=100
2025-12-11 11:28:43,974 - ERROR - ERROR - Failed to fetch Bangalore | Attempt 3 | Error: 410 Client Error: Gone for url: https://api.openaq.org/v2/latest?city=Bangalore&country=IN&limit=100
2025-12-11 11:28:45,975 - ERROR - FAILED - Bangalore data not fetched after 3 attempts.
2025-12-11 11:28:45,996 - ERROR - ERROR - Failed to fetch Hyderabad | Attempt 1 | Error: 410 Client Error: Gone for url: https://api.openaq.org/v2/latest?city=Hyderabad&country=IN&limit=100
2025-12-11 11:28:48,031 - ERROR - ERROR - Failed to fetch Hyderabad | Attempt 2 | Error: 410 Client Error: Gone for url: https://api.openaq.org/v2/latest?city=Hyderabad&country=IN&limit=100
2025-12-11 11:28:50,180 - ERROR - ERROR - Failed to fetch Hyderabad | Attempt 3 | Error: 410 Client Error: Gone for url: https://api.openaq.org/v2/latest?city=Hyderabad&country=IN&limit=100
2025-12-11 11:28:52,181 - ERROR - FAILED - Hyderabad data not fetched after 3 attempts.
2025-12-11 11:28:52,199 - ERROR - ERROR - Failed to fetch Mumbai | Attempt 1 | Error: 410 Client Error: Gone for url: https://api.openaq.org/v2/latest?city=Mumbai&country=IN&limit=100
2025-12-11 11:28:54,214 - ERROR - ERROR - Failed to fetch Mumbai | Attempt 2 | Error: 410 Client Error: Gone for url: https://api.openaq.org/v2/latest?city=Mumbai&country=IN&limit=100
2025-12-11 11:28:56,230 - ERROR - ERROR - Failed to fetch Mumbai | Attempt 3 | Error: 410 Client Error: Gone for url: https://api.openaq.org/v2/latest?city=Mumbai&country=IN&limit=100
2025-12-11 11:28:58,231 - ERROR - FAILED - Mumbai data not fetched after 3 attempts.
2025-12-11 11:28:58,247 - ERROR - ERROR - Failed to fetch Kolkata | Attempt 1 | Error: 410 Client Error: Gone for url: https://api.openaq.org/v2/latest?city=Kolkata&country=IN&limit=100
2025-12-11 11:29:00,259 - ERROR - ERROR - Failed to fetch Kolkata | Attempt 2 | Error: 410 Client Error: Gone for url: https://api.openaq.org/v2/latest?city=Kolkata&country=IN&limit=100
2025-12-11 11:29:02,278 - ERROR - ERROR - Failed to fetch Kolkata | Attempt 3 | Error: 410 Client Error: Gone for url: https://api.openaq.org/v2/latest?city=Kolkata&country=IN&limit=100
2025-12-11 11:29:04,278 - ERROR - FAILED - Kolkata data not fetched after 3 attempts.
2025-12-11 11:30:48,500 - ERROR - ERROR - Failed to fetch Delhi | Attempt 1 | Error: 410 Client Error: Gone for url: https://api.openaq.org/v2/latest?city=Delhi&country=IN&limit=100
2025-12-11 11:30:50,540 - ERROR - ERROR - Failed to fetch Delhi | Attempt 2 | Error: 410 Client Error: Gone for url: https://api.openaq.org/v2/latest?city=Delhi&country=IN&limit=100
2025-12-11 11:30:52,575 - ERROR - ERROR - Failed to fetch Delhi | Attempt 3 | Error: 410 Client Error: Gone for url: https://api.openaq.org/v2/latest?city=Delhi&country=IN&limit=100
2025-12-11 11:30:54,576 - ERROR - FAILED - Delhi data not fetched after 3 attempts.
2025-12-11 11:30:54,606 - ERROR - ERROR - Failed to fetch Bangalore | Attempt 1 | Error: 410 Client Error: Gone for url: https://api.openaq.org/v2/latest?city=Bangalore&country=IN&limit=100
2025-12-11 11:30:56,638 - ERROR - ERROR - Failed to fetch Bangalore | Attempt 2 | Error: 410 Client Error: Gone for url: https://api.openaq.org/v2/latest?city=Bangalore&country=IN&limit=100
2025-12-11 11:30:58,679 - ERROR - ERROR - Failed to fetch Bangalore | Attempt 3 | Error: 410 Client Error: Gone for url: https://api.openaq.org/v2/latest?city=Bangalore&country=IN&limit=100
2025-12-11 11:31:00,680 - ERROR - FAILED - Bangalore data not fetched after 3 attempts.
2025-12-11 11:31:00,699 - ERROR - ERROR - Failed to fetch Hyderabad | Attempt 1 | Error: 410 Client Error: Gone for url: https://api.openaq.org/v2/latest?city=Hyderabad&country=IN&limit=100
2025-12-11 11:31:02,716 - ERROR - ERROR - Failed to fetch Hyderabad | Attempt 2 | Error: 410 Client Error: Gone for url: https://api.openaq.org/v2/latest?city=Hyderabad&country=IN&limit=100
2025-12-11 11:31:04,732 - ERROR - ERROR - Failed to fetch Hyderabad | Attempt 3 | Error: 410 Client Error: Gone for url: https://api.openaq.org/v2/latest?city=Hyderabad&country=IN&limit=100
2025-12-11 11:31:06,733 - ERROR - FAILED - Hyderabad data not fetched after 3 attempts.
2025-12-11 11:31:06,770 - ERROR - ERROR - Failed to fetch Mumbai | Attempt 1 | Error: 410 Client Error: Gone for url: https://api.openaq.org/v2/latest?city=Mumbai&country=IN&limit=100
2025-12-11 11:31:08,801 - ERROR - ERROR - Failed to fetch Mumbai | Attempt 2 | Error: 410 Client Error: Gone for url: https://api.openaq.org/v2/latest?city=Mumbai&country=IN&limit=100
2025-12-11 11:31:10,818 - ERROR - ERROR - Failed to fetch Mumbai | Attempt 3 | Error: 410 Client Error: Gone for url: https://api.openaq.org/v2/latest?city=Mumbai&country=IN&limit=100
2025-12-11 11:31:12,820 - ERROR - FAILED - Mumbai data not fetched after 3 attempts.
2025-12-11 11:31:12,849 - ERROR - ERROR - Failed to fetch Kolkata | Attempt 1 | Error: 410 Client Error: Gone for url: https://api.openaq.org/v2/latest?city=Kolkata&country=IN&limit=100
2025-12-11 11:31:14,885 - ERROR - ERROR - Failed to fetch Kolkata | Attempt 2 | Error: 410 Client Error: Gone for url: https://api.openaq.org/v2/latest?city=Kolkata&country=IN&limit=100
2025-12-11 11:31:16,918 - ERROR - ERROR - Failed to fetch Kolkata | Attempt 3 | Error: 410 Client Error: Gone for url: https://api.openaq.org/v2/latest?city=Kolkata&country=IN&limit=100
2025-12-11 11:31:18,919 - ERROR - FAILED - Kolkata data not fetched after 3 attempts.
2025-12-11 11:35:16,136 - ERROR - ERROR - Failed to fetch Delhi | Attempt 1 | Error: 401 Client Error: Unauthorized for url: https://api.openaq.org/v3/latest
2025-12-11 11:35:18,170 - ERROR - ERROR - Failed to fetch Delhi | Attempt 2 | Error: 401 Client Error: Unauthorized for url: https://api.openaq.org/v3/latest
2025-12-11 11:35:20,197 - ERROR - ERROR - Failed to fetch Delhi | Attempt 3 | Error: 401 Client Error: Unauthorized for url: https://api.openaq.org/v3/latest
2025-12-11 11:35:22,198 - ERROR - FAILED - Delhi data not fetched after 3 attempts.
2025-12-11 11:35:22,226 - ERROR - ERROR - Failed to fetch Bangalore | Attempt 1 | Error: 401 Client Error: Unauthorized for url: https://api.openaq.org/v3/latest
2025-12-11 11:35:24,264 - ERROR - ERROR - Failed to fetch Bangalore | Attempt 2 | Error: 401 Client Error: Unauthorized for url: https://api.openaq.org/v3/latest
2025-12-11 11:35:26,279 - ERROR - ERROR - Failed to fetch Bangalore | Attempt 3 | Error: 401 Client Error: Unauthorized for url: https://api.openaq.org/v3/latest
2025-12-11 11:35:28,281 - ERROR - FAILED - Bangalore data not fetched after 3 attempts.
2025-12-11 11:35:28,321 - ERROR - ERROR - Failed to fetch Hyderabad | Attempt 1 | Error: 401 Client Error: Unauthorized for url: https://api.openaq.org/v3/latest
2025-12-11 11:35:30,356 - ERROR - ERROR - Failed to fetch Hyderabad | Attempt 2 | Error: 401 Client Error: Unauthorized for url: https://api.openaq.org/v3/latest
2025-12-11 11:35:32,383 - ERROR - ERROR - Failed to fetch Hyderabad | Attempt 3 | Error: 401 Client Error: Unauthorized for url: https://api.openaq.org/v3/latest
2025-12-11 11:35:34,384 - ERROR - FAILED - Hyderabad data not fetched after 3 attempts.
2025-12-11 11:35:34,417 - ERROR - ERROR - Failed to fetch Mumbai | Attempt 1 | Error: 401 Client Error: Unauthorized for url: https://api.openaq.org/v3/latest
2025-12-11 11:35:36,434 - ERROR - ERROR - Failed to fetch Mumbai | Attempt 2 | Error: 401 Client Error: Unauthorized for url: https://api.openaq.org/v3/latest
2025-12-11 11:35:38,449 - ERROR - ERROR - Failed to fetch Mumbai | Attempt 3 | Error: 401 Client Error: Unauthorized for url: https://api.openaq.org/v3/latest
2025-12-11 11:35:40,450 - ERROR - FAILED - Mumbai data not fetched after 3 attempts.
2025-12-11 11:35:40,461 - ERROR - ERROR - Failed to fetch Kolkata | Attempt 1 | Error: 401 Client Error: Unauthorized for url: https://api.openaq.org/v3/latest
2025-12-11 11:35:42,473 - ERROR - ERROR - Failed to fetch Kolkata | Attempt 2 | Error: 401 Client Error: Unauthorized for url: https://api.openaq.org/v3/latest
2025-12-11 11:35:44,489 - ERROR - ERROR - Failed to fetch Kolkata | Attempt 3 | Error: 401 Client Error: Unauthorized for url: https://api.openaq.org/v3/latest
2025-12-11 11:35:46,491 - ERROR - FAILED - Kolkata data not fetched after 3 attempts.
2025-12-11 11:36:17,751 - ERROR - ERROR - Failed to fetch Delhi | Attempt 1 | Error: 410 Client Error: Gone for url: https://api.openaq.org/v2/latest?city=Delhi&country=IN&limit=100
2025-12-11 11:36:19,786 - ERROR - ERROR - Failed to fetch Delhi | Attempt 2 | Error: 410 Client Error: Gone for url: https://api.openaq.org/v2/latest?city=Delhi&country=IN&limit=100
2025-12-11 11:36:21,825 - ERROR - ERROR - Failed to fetch Delhi | Attempt 3 | Error: 410 Client Error: Gone for url: https://api.openaq.org/v2/latest?city=Delhi&country=IN&limit=100
2025-12-11 11:36:23,827 - ERROR - FAILED - Delhi data not fetched after 3 attempts.
2025-12-11 11:36:23,870 - ERROR - ERROR - Failed to fetch Bangalore | Attempt 1 | Error: 410 Client Error: Gone for url: https://api.openaq.org/v2/latest?city=Bangalore&country=IN&limit=100
2025-12-11 11:36:25,898 - ERROR - ERROR - Failed to fetch Bangalore | Attempt 2 | Error: 410 Client Error: Gone for url: https://api.openaq.org/v2/latest?city=Bangalore&country=IN&limit=100
2025-12-11 11:36:27,933 - ERROR - ERROR - Failed to fetch Bangalore | Attempt 3 | Error: 410 Client Error: Gone for url: https://api.openaq.org/v2/latest?city=Bangalore&country=IN&limit=100
2025-12-11 11:36:29,934 - ERROR - FAILED - Bangalore data not fetched after 3 attempts.
2025-12-11 11:36:29,964 - ERROR - ERROR - Failed to fetch Hyderabad | Attempt 1 | Error: 410 Client Error: Gone for url: https://api.openaq.org/v2/latest?city=Hyderabad&country=IN&limit=100
2025-12-11 11:36:32,006 - ERROR - ERROR - Failed to fetch Hyderabad | Attempt 2 | Error: 410 Client Error: Gone for url: https://api.openaq.org/v2/latest?city=Hyderabad&country=IN&limit=100
2025-12-11 11:36:34,039 - ERROR - ERROR - Failed to fetch Hyderabad | Attempt 3 | Error: 410 Client Error: Gone for url: https://api.openaq.org/v2/latest?city=Hyderabad&country=IN&limit=100
2025-12-11 11:36:36,039 - ERROR - FAILED - Hyderabad data not fetched after 3 attempts.
2025-12-11 11:36:36,055 - ERROR - ERROR - Failed to fetch Mumbai | Attempt 1 | Error: 410 Client Error: Gone for url: https://api.openaq.org/v2/latest?city=Mumbai&country=IN&limit=100
2025-12-11 11:36:38,069 - ERROR - ERROR - Failed to fetch Mumbai | Attempt 2 | Error: 410 Client Error: Gone for url: https://api.openaq.org/v2/latest?city=Mumbai&country=IN&limit=100
2025-12-11 11:36:40,099 - ERROR - ERROR - Failed to fetch Mumbai | Attempt 3 | Error: 410 Client Error: Gone for url: https://api.openaq.org/v2/latest?city=Mumbai&country=IN&limit=100
2025-12-11 11:36:42,100 - ERROR - FAILED - Mumbai data not fetched after 3 attempts.
2025-12-11 11:36:42,116 - ERROR - ERROR - Failed to fetch Kolkata | Attempt 1 | Error: 410 Client Error: Gone for url: https://api.openaq.org/v2/latest?city=Kolkata&country=IN&limit=100
2025-12-11 11:36:44,144 - ERROR - ERROR - Failed to fetch Kolkata | Attempt 2 | Error: 410 Client Error: Gone for url: https://api.openaq.org/v2/latest?city=Kolkata&country=IN&limit=100
2025-12-11 11:36:46,173 - ERROR - ERROR - Failed to fetch Kolkata | Attempt 3 | Error: 410 Client Error: Gone for url: https://api.openaq.org/v2/latest?city=Kolkata&country=IN&limit=100
2025-12-11 11:36:52,486 - WARNING - Empty response for Delhi
2025-12-11 11:36:52,486 - INFO - SUCCESS - Fetched data for Delhi
2025-12-11 11:36:52,488 - INFO - Saved file: C:\Users\CVR\UrbanAirQualityMonitoring–Multi-City_ETL_Pipeline(day 14)\data\raw\delhi_raw_20251211_113652.json
2025-12-11 11:36:53,299 - WARNING - Empty response for Bangalore
2025-12-11 11:36:53,300 - INFO - SUCCESS - Fetched data for Bangalore
2025-12-11 11:36:53,304 - INFO - Saved file: C:\Users\CVR\UrbanAirQualityMonitoring–Multi-City_ETL_Pipeline(day 14)\data\raw\bangalore_raw_20251211_113653.json
2025-12-11 11:36:54,065 - WARNING - Empty response for Hyderabad
2025-12-11 11:36:54,065 - INFO - SUCCESS - Fetched data for Hyderabad
2025-12-11 11:36:54,072 - INFO - Saved file: C:\Users\CVR\UrbanAirQualityMonitoring–Multi-City_ETL_Pipeline(day 14)\data\raw\hyderabad_raw_20251211_113654.json
2025-12-11 11:36:54,867 - WARNING - Empty response for Mumbai
2025-12-11 11:36:54,867 - INFO - SUCCESS - Fetched data for Mumbai
2025-12-11 11:36:54,872 - INFO - Saved file: C:\Users\CVR\UrbanAirQualityMonitoring–Multi-City_ETL_Pipeline(day 14)\data\raw\mumbai_raw_20251211_113654.json
2025-12-11 11:36:55,651 - WARNING - Empty response for Kolkata
2025-12-11 11:36:55,651 - INFO - SUCCESS - Fetched data for Kolkata
2025-12-11 11:36:55,654 - INFO - Saved file: C:\Users\CVR\UrbanAirQualityMonitoring–Multi-City_ETL_Pipeline(day 14)\data\raw\kolkata_raw_20251211_113655.json
2025-12-11 11:40:13,830 - INFO - SUCCESS - Fetched data for Delhi
2025-12-11 11:40:13,833 - INFO - Saved file: C:\Users\CVR\UrbanAirQualityMonitoring–Multi-City_ETL_Pipeline(day 14)\data\raw\delhi_raw_20251211_114013.json
2025-12-11 11:40:14,618 - INFO - SUCCESS - Fetched data for Mumbai
2025-12-11 11:40:14,622 - INFO - Saved file: C:\Users\CVR\UrbanAirQualityMonitoring–Multi-City_ETL_Pipeline(day 14)\data\raw\mumbai_raw_20251211_114014.json
2025-12-11 11:40:15,447 - INFO - SUCCESS - Fetched data for Bengaluru
2025-12-11 11:40:15,451 - INFO - Saved file: C:\Users\CVR\UrbanAirQualityMonitoring–Multi-City_ETL_Pipeline(day 14)\data\raw\bengaluru_raw_20251211_114015.json
2025-12-11 11:40:16,225 - INFO - SUCCESS - Fetched data for Hyderabad
2025-12-11 11:40:16,228 - INFO - Saved file: C:\Users\CVR\UrbanAirQualityMonitoring–Multi-City_ETL_Pipeline(day 14)\data\raw\hyderabad_raw_20251211_114016.json
2025-12-11 11:40:16,991 - INFO - SUCCESS - Fetched data for Kolkata
2025-12-11 11:40:16,994 - INFO - Saved file: C:\Users\CVR\UrbanAirQualityMonitoring–Multi-City_ETL_Pipeline(day 14)\data\raw\kolkata_raw_20251211_114016.json
2025-12-11 13:50:48,853 - INFO - NumExpr defaulting to 12 threads.
2025-12-11 13:56:09,199 - INFO - NumExpr defaulting to 12 threads.
2025-12-11 13:56:11,505 - INFO - SUCCESS - Fetched data for Delhi
2025-12-11 13:56:11,508 - INFO - Saved file: C:\Users\CVR\UrbanAirQualityMonitoring–Multi-City_ETL_Pipeline(day 14)\data\raw\delhi_raw_20251211_135611.json
2025-12-11 13:56:12,304 - INFO - SUCCESS - Fetched data for Mumbai
2025-12-11 13:56:12,306 - INFO - Saved file: C:\Users\CVR\UrbanAirQualityMonitoring–Multi-City_ETL_Pipeline(day 14)\data\raw\mumbai_raw_20251211_135612.json
2025-12-11 13:56:13,064 - INFO - SUCCESS - Fetched data for Bengaluru
2025-12-11 13:56:13,068 - INFO - Saved file: C:\Users\CVR\UrbanAirQualityMonitoring–Multi-City_ETL_Pipeline(day 14)\data\raw\bengaluru_raw_20251211_135613.json
2025-12-11 13:56:13,891 - INFO - SUCCESS - Fetched data for Hyderabad
2025-12-11 13:56:13,895 - INFO - Saved file: C:\Users\CVR\UrbanAirQualityMonitoring–Multi-City_ETL_Pipeline(day 14)\data\raw\hyderabad_raw_20251211_135613.json
2025-12-11 13:56:14,730 - INFO - SUCCESS - Fetched data for Kolkata
2025-12-11 13:56:14,734 - INFO - Saved file: C:\Users\CVR\UrbanAirQualityMonitoring–Multi-City_ETL_Pipeline(day 14)\data\raw\kolkata_raw_20251211_135614.json
2025-12-11 13:56:16,248 - INFO - HTTP Request: POST https://huncvfrpgrokibtemogd.supabase.co/rest/v1/rpc/execute_sql "HTTP/2 404 Not Found"
2025-12-11 13:56:16,686 - INFO - HTTP Request: POST https://huncvfrpgrokibtemogd.supabase.co/rest/v1/air_quality_data?columns=%22severity_score%22%2C%22pm2_5%22%2C%22hour%22%2C%22uv_index%22%2C%22time%22%2C%22pm10%22%2C%22carbon_monoxide%22%2C%22ozone%22%2C%22risk_flag%22%2C%22sulphur_dioxide%22%2C%22aqi_category%22%2C%22city%22%2C%22nitrogen_dioxide%22 "HTTP/2 201 Created"
2025-12-11 13:56:16,855 - INFO - HTTP Request: POST https://huncvfrpgrokibtemogd.supabase.co/rest/v1/air_quality_data?columns=%22severity_score%22%2C%22pm2_5%22%2C%22hour%22%2C%22uv_index%22%2C%22time%22%2C%22pm10%22%2C%22carbon_monoxide%22%2C%22ozone%22%2C%22risk_flag%22%2C%22sulphur_dioxide%22%2C%22aqi_category%22%2C%22city%22%2C%22nitrogen_dioxide%22 "HTTP/2 201 Created"
2025-12-11 13:56:16,976 - INFO - HTTP Request: POST https://huncvfrpgrokibtemogd.supabase.co/rest/v1/air_quality_data?columns=%22severity_score%22%2C%22pm2_5%22%2C%22hour%22%2C%22uv_index%22%2C%22time%22%2C%22pm10%22%2C%22carbon_monoxide%22%2C%22ozone%22%2C%22risk_flag%22%2C%22sulphur_dioxide%22%2C%22aqi_category%22%2C%22city%22%2C%22nitrogen_dioxide%22 "HTTP/2 201 Created"
2025-12-11 13:56:17,106 - INFO - HTTP Request: POST https://huncvfrpgrokibtemogd.supabase.co/rest/v1/air_quality_data?columns=%22severity_score%22%2C%22pm2_5%22%2C%22hour%22%2C%22uv_index%22%2C%22time%22%2C%22pm10%22%2C%22carbon_monoxide%22%2C%22ozone%22%2C%22risk_flag%22%2C%22sulphur_dioxide%22%2C%22aqi_category%22%2C%22city%22%2C%22nitrogen_dioxide%22 "HTTP/2 201 Created"
2025-12-11 13:56:17,216 - INFO - HTTP Request: POST https://huncvfrpgrokibtemogd.supabase.co/rest/v1/air_quality_data?columns=%22severity_score%22%2C%22pm2_5%22%2C%22hour%22%2C%22uv_index%22%2C%22time%22%2C%22pm10%22%2C%22carbon_monoxide%22%2C%22ozone%22%2C%22risk_flag%22%2C%22sulphur_dioxide%22%2C%22aqi_category%22%2C%22city%22%2C%22nitrogen_dioxide%22 "HTTP/2 201 Created"
2025-12-11 13:56:17,328 - INFO - HTTP Request: POST https://huncvfrpgrokibtemogd.supabase.co/rest/v1/air_quality_data?columns=%22severity_score%22%2C%22pm2_5%22%2C%22hour%22%2C%22uv_index%22%2C%22time%22%2C%22pm10%22%2C%22carbon_monoxide%22%2C%22ozone%22%2C%22risk_flag%22%2C%22sulphur_dioxide%22%2C%22aqi_category%22%2C%22city%22%2C%22nitrogen_dioxide%22 "HTTP/2 201 Created"
2025-12-11 13:56:17,858 - INFO - HTTP Request: GET https://huncvfrpgrokibtemogd.supabase.co/rest/v1/air_quality_data?select=%2A "HTTP/2 200 OK"
